#
# There is insufficient memory for the Java Runtime Environment to continue.
# Native memory allocation (mmap) failed to map 98566144 bytes for Failed to commit area from 0x00000000a2200000 to 0x00000000a8000000 of length 98566144.
# Possible reasons:
#   The system is out of physical RAM or swap space
#   The process is running with CompressedOops enabled, and the Java Heap may be blocking the growth of the native heap
# Possible solutions:
#   Reduce memory load on the system
#   Increase physical memory or swap space
#   Check if swap backing store is full
#   Decrease Java heap size (-Xmx/-Xms)
#   Decrease number of Java threads
#   Decrease Java thread stack sizes (-Xss)
#   Set larger code cache with -XX:ReservedCodeCacheSize=
# This output file may be truncated or incomplete.
#
#  Out of Memory Error (./src/hotspot/os/windows/os_windows.cpp:3521), pid=56816, tid=54424
#
# JRE version:  (11.0.12+7) (build )
# Java VM: OpenJDK 64-Bit Server VM (11.0.12+7-b1504.40, mixed mode, sharing, tiered, compressed oops, g1 gc, windows-amd64)
# No core dump will be written. Minidumps are not enabled by default on client versions of Windows
#

---------------  S U M M A R Y ------------

Command Line: git4idea.http.GitAskPassApp Username for 'https://github.com': 

Host: AMD Ryzen 5 5500U with Radeon Graphics         , 12 cores, 5G,  Windows 10 , 64 bit Build 22000 (10.0.22000.318)
Time: Wed Nov 24 10:42:16 2021 Pacific Standard Time elapsed time: 0.029228 seconds (0d 0h 0m 0s)

---------------  T H R E A D  ---------------

Current thread (0x000002a0c1d00800):  JavaThread "Unknown thread" [_thread_in_vm, id=54424, stack(0x000000e222600000,0x000000e222700000)]

Stack: [0x000000e222600000,0x000000e222700000]
Native frames: (J=compiled Java code, j=interpreted, Vv=VM code, C=native code)
V  [jvm.dll+0x5ff40a]
V  [jvm.dll+0x783b65]
V  [jvm.dll+0x78517d]
V  [jvm.dll+0x785833]
V  [jvm.dll+0x249408]
V  [jvm.dll+0x5fc7f4]
V  [jvm.dll+0x5f13c5]
V  [jvm.dll+0x3076bb]
V  [jvm.dll+0x30762a]
V  [jvm.dll+0x307502]
V  [jvm.dll+0x30c466]
V  [jvm.dll+0x355543]
V  [jvm.dll+0x355c46]
V  [jvm.dll+0x355643]
V  [jvm.dll+0x2e2018]
V  [jvm.dll+0x2e31c7]
V  [jvm.dll+0x761f57]
V  [jvm.dll+0x76374c]
V  [jvm.dll+0x362ab9]
V  [jvm.dll+0x7455be]
V  [jvm.dll+0x3cb673]
V  [jvm.dll+0x3cda21]
C  [jli.dll+0x536b]
C  [ucrtbase.dll+0x26c0c]
C  [KERNEL32.DLL+0x154e0]
C  [ntdll.dll+0x485b]


---------------  P R O C E S S  ---------------

Threads class SMR info:
_java_thread_list=0x000002a0c1b96300, length=0, elements={
}

Java Threads: ( => current thread )

Other Threads:
  0x000002a0c1d18800 GCTaskThread "GC Thread#0" [stack: 0x000000e222700000,0x000000e222800000] [id=60420]
  0x000002a0c1d3e800 ConcurrentGCThread "G1 Main Marker" [stack: 0x000000e222800000,0x000000e222900000] [id=61964]
  0x000002a0c1d43800 ConcurrentGCThread "G1 Conc#0" [stack: 0x000000e222900000,0x000000e222a00000] [id=60092]

[error occurred during error reporting (printing all threads), id 0xc0000005, EXCEPTION_ACCESS_VIOLATION (0xc0000005) at pc=0x00007ffea40527a7]

VM state:not at safepoint (not fully initialized)

VM Mutex/Monitor currently owned by a thread:  ([mutex/lock_event])
[0x000002a0c1cfd520] Heap_lock - owner thread: 0x000002a0c1d00800

Heap address: 0x00000000a2200000, size: 1502 MB, Compressed Oops mode: Non-zero based: 0x00000000a2200000
Narrow klass base: 0x0000000000000000, Narrow klass shift: 0

GC Heap History (0 events):
No events

Deoptimization events (0 events):
No events

Classes redefined (0 events):
No events

Internal exceptions (0 events):
No events

Events (1 events):
Event: 0.015 Loaded shared library C:\Program Files\JetBrains\IntelliJ IDEA Community Edition 2021.2.3\jbr\bin\zip.dll


Dynamic libraries:
0x00007ff60e900000 - 0x00007ff60e90a000 	C:\Program Files\JetBrains\IntelliJ IDEA Community Edition 2021.2.3\jbr\bin\java.exe
0x00007fff13e60000 - 0x00007fff14067000 	C:\WINDOWS\SYSTEM32\ntdll.dll
0x00007fff129c0000 - 0x00007fff12a7d000 	C:\WINDOWS\System32\KERNEL32.DLL
0x00007fff118b0000 - 0x00007fff11c24000 	C:\WINDOWS\System32\KERNELBASE.dll
0x00007fff113b0000 - 0x00007fff114c1000 	C:\WINDOWS\System32\ucrtbase.dll
0x00007ffef1050000 - 0x00007ffef1069000 	C:\Program Files\JetBrains\IntelliJ IDEA Community Edition 2021.2.3\jbr\bin\jli.dll
0x00007ffef59f0000 - 0x00007ffef5a07000 	C:\Program Files\JetBrains\IntelliJ IDEA Community Edition 2021.2.3\jbr\bin\VCRUNTIME140.dll
0x00007fff12d50000 - 0x00007fff12efc000 	C:\WINDOWS\System32\USER32.dll
0x00007ffef8c60000 - 0x00007ffef8f05000 	C:\WINDOWS\WinSxS\amd64_microsoft.windows.common-controls_6595b64144ccf1df_6.0.22000.120_none_9d947278b86cc467\COMCTL32.dll
0x00007fff11760000 - 0x00007fff11786000 	C:\WINDOWS\System32\win32u.dll
0x00007fff12070000 - 0x00007fff12113000 	C:\WINDOWS\System32\msvcrt.dll
0x00007fff12140000 - 0x00007fff12169000 	C:\WINDOWS\System32\GDI32.dll
0x00007fff11640000 - 0x00007fff11752000 	C:\WINDOWS\System32\gdi32full.dll
0x00007fff11810000 - 0x00007fff118ad000 	C:\WINDOWS\System32\msvcp_win.dll
0x00007fff13bd0000 - 0x00007fff13c01000 	C:\WINDOWS\System32\IMM32.DLL
0x00007ffed9700000 - 0x00007ffed979d000 	C:\Program Files\JetBrains\IntelliJ IDEA Community Edition 2021.2.3\jbr\bin\msvcp140.dll
0x00007ffea3d60000 - 0x00007ffea48b8000 	C:\Program Files\JetBrains\IntelliJ IDEA Community Edition 2021.2.3\jbr\bin\server\jvm.dll
0x00007fff12ca0000 - 0x00007fff12d4c000 	C:\WINDOWS\System32\ADVAPI32.dll
0x00007fff124a0000 - 0x00007fff1253d000 	C:\WINDOWS\System32\sechost.dll
0x00007fff12a80000 - 0x00007fff12ba1000 	C:\WINDOWS\System32\RPCRT4.dll
0x00007fff12540000 - 0x00007fff12548000 	C:\WINDOWS\System32\PSAPI.DLL
0x00007ffef1f00000 - 0x00007ffef1f09000 	C:\WINDOWS\SYSTEM32\WSOCK32.dll
0x00007fff0bd40000 - 0x00007fff0bd73000 	C:\WINDOWS\SYSTEM32\WINMM.dll
0x00007fff08710000 - 0x00007fff0871a000 	C:\WINDOWS\SYSTEM32\VERSION.dll
0x00007fff123b0000 - 0x00007fff1241f000 	C:\WINDOWS\System32\WS2_32.dll
0x00007fff103a0000 - 0x00007fff103b8000 	C:\WINDOWS\SYSTEM32\kernel.appcore.dll
0x00007ffef8a00000 - 0x00007ffef8a11000 	C:\Program Files\JetBrains\IntelliJ IDEA Community Edition 2021.2.3\jbr\bin\verify.dll
0x00007fff0ed10000 - 0x00007fff0ef31000 	C:\WINDOWS\SYSTEM32\DBGHELP.DLL
0x00007fff048c0000 - 0x00007fff048f1000 	C:\WINDOWS\SYSTEM32\dbgcore.DLL
0x00007fff11790000 - 0x00007fff11810000 	C:\WINDOWS\System32\bcryptPrimitives.dll
0x00007ffef1020000 - 0x00007ffef1049000 	C:\Program Files\JetBrains\IntelliJ IDEA Community Edition 2021.2.3\jbr\bin\java.dll
0x00007fff02360000 - 0x00007fff0236b000 	C:\Program Files\JetBrains\IntelliJ IDEA Community Edition 2021.2.3\jbr\bin\jimage.dll
0x00007ffef58d0000 - 0x00007ffef58e8000 	C:\Program Files\JetBrains\IntelliJ IDEA Community Edition 2021.2.3\jbr\bin\zip.dll

dbghelp: loaded successfully - version: 4.0.5 - missing functions: none
symbol engine: initialized successfully - sym options: 0x614 - pdb path: .;C:\Program Files\JetBrains\IntelliJ IDEA Community Edition 2021.2.3\jbr\bin;C:\WINDOWS\SYSTEM32;C:\WINDOWS\WinSxS\amd64_microsoft.windows.common-controls_6595b64144ccf1df_6.0.22000.120_none_9d947278b86cc467;C:\Program Files\JetBrains\IntelliJ IDEA Community Edition 2021.2.3\jbr\bin\server

VM Arguments:
java_command: git4idea.http.GitAskPassApp Username for 'https://github.com': 
java_class_path (initial): C:/Program Files/JetBrains/IntelliJ IDEA Community Edition 2021.2.3/plugins/git4idea/lib/git4idea-rt.jar;C:/Program Files/JetBrains/IntelliJ IDEA Community Edition 2021.2.3/lib/3rd-party.jar
Launcher Type: SUN_STANDARD

[Global flags]
     intx CICompilerCount                          = 4                                         {product} {ergonomic}
     uint ConcGCThreads                            = 3                                         {product} {ergonomic}
     uint G1ConcRefinementThreads                  = 10                                        {product} {ergonomic}
   size_t G1HeapRegionSize                         = 1048576                                   {product} {ergonomic}
    uintx GCDrainStackTargetSize                   = 64                                        {product} {ergonomic}
   size_t InitialHeapSize                          = 98566144                                  {product} {ergonomic}
   size_t MarkStackSize                            = 4194304                                   {product} {ergonomic}
   size_t MaxHeapSize                              = 1574961152                                {product} {ergonomic}
   size_t MinHeapDeltaBytes                        = 1048576                                   {product} {ergonomic}
    uintx NonNMethodCodeHeapSize                   = 5836300                                {pd product} {ergonomic}
    uintx NonProfiledCodeHeapSize                  = 122910970                              {pd product} {ergonomic}
    uintx ProfiledCodeHeapSize                     = 122910970                              {pd product} {ergonomic}
    uintx ReservedCodeCacheSize                    = 251658240                              {pd product} {ergonomic}
     bool SegmentedCodeCache                       = true                                      {product} {ergonomic}
     bool UseCompressedClassPointers               = true                                 {lp64_product} {ergonomic}
     bool UseCompressedOops                        = true                                 {lp64_product} {ergonomic}
     bool UseG1GC                                  = true                                      {product} {ergonomic}
     bool UseLargePagesIndividualAllocation        = false                                  {pd product} {ergonomic}

Logging:
Log output configuration:
 #0: stdout all=warning uptime,level,tags
 #1: stderr all=off uptime,level,tags

Environment Variables:
JAVA_HOME=C:\Users\Abul Hasan\.jdks\corretto-11.0.13
PATH=C:\Program Files\Git\mingw64\libexec\git-core;C:\Program Files\Git\mingw64\libexec\git-core;C:\Program Files\Git\mingw64\bin;C:\Program Files\Git\usr\bin;C:\Users\Abul Hasan\bin;C:\Python310\Scripts;C:\Python310;C:\WINDOWS\system32;C:\WINDOWS;C:\WINDOWS\System32\Wbem;C:\WINDOWS\System32\WindowsPowerShell\v1.0;C:\WINDOWS\System32\OpenSSH;C:\Program Files\Git\cmd;C:\Program Files\PuTTY;C:\ProgramData\chocolatey\bin;C:\Program Files\Docker\Docker\resources\bin;C:\ProgramData\DockerDesktop\version-bin;C:\Users\Abul Hasan\AppData\Local\Microsoft\WindowsApps;C:\Users\Abul Hasan\AppData\Local\Programs\Microsoft VS Code\bin;C:\Users\Abul Hasan\.jdks\corretto-11.0.13\bin
USERNAME=Abul Hasan
DISPLAY=:0.0
LC_ALL=en_US.UTF-8
OS=Windows_NT
PROCESSOR_IDENTIFIER=AMD64 Family 23 Model 104 Stepping 1, AuthenticAMD



---------------  S Y S T E M  ---------------

OS: Windows 10 , 64 bit Build 22000 (10.0.22000.318)
OS uptime: 8 days 17:57 hours
Hyper-V role detected

CPU:total 12 (initial active 12) (12 cores per cpu, 2 threads per core) family 23 model 104 stepping 1 microcode 0x0, cmov, cx8, fxsr, mmx, sse, sse2, sse3, ssse3, sse4.1, sse4.2, popcnt, avx, avx2, aes, clmul, mmxext, 3dnowpref, lzcnt, sse4a, ht, tsc, tscinvbit, tscinv, bmi1, bmi2, adx, sha, fma

Memory: 4k page, system-wide physical 6005M (157M free)
TotalPageFile size 24437M (AvailPageFile size 79M)
current process WorkingSet (physical memory assigned to process): 10M, peak: 10M
current process commit charge ("private bytes"): 63M, peak: 157M

vm_info: OpenJDK 64-Bit Server VM (11.0.12+7-b1504.40) for windows-amd64 JRE (11.0.12+7-b1504.40), built on Sep 23 2021 14:38:03 by "" with MS VC++ 14.0 (VS2015)

END.
